<?xml version="1.0" encoding="UTF-8"?>
<!-- Generated by org.testng.reporters.JUnitReportReporter -->
<testsuite hostname="Honey" failures="0" tests="3" name="day44.SignupTests" time="0.014" errors="0" timestamp="2025-07-22T17:14:02 IST" skipped="0">
  <testcase classname="day44.SignupTests" name="signupByEmail" time="0.011"/>
  <testcase classname="day44.SignupTests" name="signupByFacebook" time="0.001"/>
  <testcase classname="day44.SignupTests" name="signupByTwitter" time="0.002"/>
</testsuite> <!-- day44.SignupTests -->
