<?xml version="1.0" encoding="UTF-8"?>
<!-- Generated by org.testng.reporters.JUnitReportReporter -->
<testsuite hostname="Honey" failures="0" tests="4" name="day42.TestOrangeHrmApplication" time="11.637" errors="0" timestamp="2025-07-20T12:30:50 IST" skipped="0">
  <testcase classname="day42.TestOrangeHrmApplication" name="openApp" time="4.764"/>
  <testcase classname="day42.TestOrangeHrmApplication" name="LogoDisplayed" time="5.080"/>
  <testcase classname="day42.TestOrangeHrmApplication" name="Login" time="1.447"/>
  <testcase classname="day42.TestOrangeHrmApplication" name="Close" time="0.346"/>
</testsuite> <!-- day42.TestOrangeHrmApplication -->
