<?xml version="1.0" encoding="UTF-8"?>
<!-- Generated by org.testng.reporters.JUnitReportReporter -->
<testsuite hostname="Honey" failures="0" tests="3" name="day44.LoginTests" time="0.015" errors="0" timestamp="2025-07-22T17:20:58 IST" skipped="0">
  <testcase classname="day44.LoginTests" name="loginByEmail" time="0.010"/>
  <testcase classname="day44.LoginTests" name="loginByFacebook" time="0.002"/>
  <testcase classname="day44.LoginTests" name="loginByTwitter" time="0.003"/>
</testsuite> <!-- day44.LoginTests -->
