<?xml version="1.0" encoding="UTF-8"?>
<!-- Generated by org.testng.reporters.JUnitReportReporter -->
<testsuite hostname="Honey" failures="0" tests="1" name="day47.LoginTest" time="0.536" errors="0" timestamp="2025-07-25T13:32:28 IST" skipped="0">
  <testcase classname="day47.LoginTest" name="testLogin" time="0.536"/>
</testsuite> <!-- day47.LoginTest -->
