<?xml version="1.0" encoding="UTF-8"?>
<!-- Generated by org.testng.reporters.JUnitReportReporter -->
<testsuite hostname="Honey" failures="0" tests="2" name="day43.AnnotationsDemo2" time="0.014" errors="0" timestamp="2025-07-21T12:05:03 IST" skipped="0">
  <testcase classname="day43.AnnotationsDemo2" name="search" time="0.011"/>
  <testcase classname="day43.AnnotationsDemo2" name="AdvancedSearch" time="0.003"/>
</testsuite> <!-- day43.AnnotationsDemo2 -->
