<?xml version="1.0" encoding="UTF-8"?>
<!-- Generated by org.testng.reporters.JUnitReportReporter -->
<testsuite hostname="Honey" failures="0" tests="2" name="day43.AnnotationsDemo1" time="0.016" errors="0" timestamp="2025-07-21T11:49:40 IST" skipped="0">
  <testcase classname="day43.AnnotationsDemo1" name="search" time="0.010"/>
  <testcase classname="day43.AnnotationsDemo1" name="AdvanceSearch" time="0.006"/>
</testsuite> <!-- day43.AnnotationsDemo1 -->
