<?xml version="1.0" encoding="UTF-8"?>
<!-- Generated by org.testng.reporters.JUnitReportReporter -->
<testsuite hostname="Honey" failures="0" tests="3" name="day42.FirstTestCase" time="0.018" errors="0" timestamp="2025-07-20T12:30:50 IST" skipped="0">
  <testcase classname="day42.FirstTestCase" name="openapp" time="0.012"/>
  <testcase classname="day42.FirstTestCase" name="logout" time="0.003"/>
  <testcase classname="day42.FirstTestCase" name="login" time="0.003"/>
</testsuite> <!-- day42.FirstTestCase -->
