<?xml version="1.0" encoding="UTF-8"?>
<!-- Generated by org.testng.reporters.JUnitReportReporter -->
<testsuite hostname="Honey" failures="0" tests="2" name="day43.AllAnnotationsDemo" time="0.024" errors="0" timestamp="2025-07-21T14:26:09 IST" skipped="0">
  <testcase classname="day43.AllAnnotationsDemo" name="test1" time="0.015"/>
  <testcase classname="day43.AllAnnotationsDemo" name="test2" time="0.009"/>
</testsuite> <!-- day43.AllAnnotationsDemo -->
