<?xml version="1.0" encoding="UTF-8"?>
<!-- Generated by org.testng.reporters.JUnitReportReporter -->
<testsuite hostname="Honey" failures="0" tests="9" name="day45.paramTest" time="0.517" errors="0" timestamp="2025-07-23T18:18:43 IST" skipped="0">
  <testcase classname="day45.paramTest" name="testLogo" time="0.065"/>
  <testcase classname="day45.paramTest" name="testLogo" time="0.110"/>
  <testcase classname="day45.paramTest" name="testLogo" time="0.209"/>
  <testcase classname="day45.paramTest" name="testTitle" time="0.052"/>
  <testcase classname="day45.paramTest" name="testTitle" time="0.012"/>
  <testcase classname="day45.paramTest" name="testTitle" time="0.017"/>
  <testcase classname="day45.paramTest" name="testUrl" time="0.025"/>
  <testcase classname="day45.paramTest" name="testUrl" time="0.010"/>
  <testcase classname="day45.paramTest" name="testUrl" time="0.017"/>
</testsuite> <!-- day45.paramTest -->
