<?xml version="1.0" encoding="UTF-8"?>
<!-- Generated by org.testng.reporters.JUnitReportReporter -->
<testsuite hostname="Honey" failures="0" tests="2" name="day44.PaymentTests" time="0.011" errors="0" timestamp="2025-07-22T17:42:31 IST" skipped="0">
  <testcase classname="day44.PaymentTests" name="paymentInRupees" time="0.010"/>
  <testcase classname="day44.PaymentTests" name="paymentInDollers" time="0.001"/>
</testsuite> <!-- day44.PaymentTests -->
