<?xml version="1.0" encoding="UTF-8"?>
<!-- Generated by org.testng.reporters.JUnitReportReporter -->
<testsuite hostname="Honey" failures="0" tests="1" name="day43.pack.C3" time="0.008" errors="0" timestamp="2025-07-21T14:05:20 IST" skipped="0">
  <testcase classname="day43.pack.C3" name="pqr" time="0.008"/>
</testsuite> <!-- day43.pack.C3 -->
